Welcome to Chess!
Type 'help' for a list of commands
New game is created

    a   b   c   d   e   f   g   h   
  +---+---+---+---+---+---+---+---+  
1 | r | n | b | q | k | b | n | r | 1
  +---+---+---+---+---+---+---+---+  
2 | p | p | p | p | p | p | p | p | 2
  +---+---+---+---+---+---+---+---+  
3 |   |   |   |   |   |   |   |   | 3
  +---+---+---+---+---+---+---+---+  
4 |   |   |   |   |   |   |   |   | 4
  +---+---+---+---+---+---+---+---+  
5 |   |   |   |   |   |   |   |   | 5
  +---+---+---+---+---+---+---+---+  
6 |   |   |   |   |   |   |   |   | 6
  +---+---+---+---+---+---+---+---+  
7 | P | P | P | P | P | P | P | P | 7
  +---+---+---+---+---+---+---+---+  
8 | R | N | B | Q | K | B | N | R | 8
  +---+---+---+---+---+---+---+---+  
    a   b   c   d   e   f   g   h   
Possible commands:
'help'                      - Show this menu
'quit'                      - Quit Chess
'new'                       - Create a new game
'board'                     - Show the chess board
'list'                      - List all possible moves
'move' <colrow> <colrow>    - Make a move
'history'                   - Show moves history

White's Move

move e2 e4

    a   b   c   d   e   f   g   h   
  +---+---+---+---+---+---+---+---+  
1 | r | n | b | q | k | b | n | r | 1
  +---+---+---+---+---+---+---+---+  
2 | p | p | p | p |   | p | p | p | 2
  +---+---+---+---+---+---+---+---+  
3 |   |   |   |   |   |   |   |   | 3
  +---+---+---+---+---+---+---+---+  
4 |   |   |   |   | p |   |   |   | 4
  +---+---+---+---+---+---+---+---+  
5 |   |   |   |   |   |   |   |   | 5
  +---+---+---+---+---+---+---+---+  
6 |   |   |   |   |   |   |   |   | 6
  +---+---+---+---+---+---+---+---+  
7 | P | P | P | P | P | P | P | P | 7
  +---+---+---+---+---+---+---+---+  
8 | R | N | B | Q | K | B | N | R | 8
  +---+---+---+---+---+---+---+---+  
    a   b   c   d   e   f   g   h   

Black's Move

move e7 e5

    a   b   c   d   e   f   g   h   
  +---+---+---+---+---+---+---+---+  
1 | r | n | b | q | k | b | n | r | 1
  +---+---+---+---+---+---+---+---+  
2 | p | p | p | p |   | p | p | p | 2
  +---+---+---+---+---+---+---+---+  
3 |   |   |   |   |   |   |   |   | 3
  +---+---+---+---+---+---+---+---+  
4 |   |   |   |   | p |   |   |   | 4
  +---+---+---+---+---+---+---+---+  
5 |   |   |   |   | P |   |   |   | 5
  +---+---+---+---+---+---+---+---+  
6 |   |   |   |   |   |   |   |   | 6
  +---+---+---+---+---+---+---+---+  
7 | P | P | P | P |   | P | P | P | 7
  +---+---+---+---+---+---+---+---+  
8 | R | N | B | Q | K | B | N | R | 8
  +---+---+---+---+---+---+---+---+  
    a   b   c   d   e   f   g   h   

White's Move

move f1 c4

    a   b   c   d   e   f   g   h   
  +---+---+---+---+---+---+---+---+  
1 | r | n | b | q | k |   | n | r | 1
  +---+---+---+---+---+---+---+---+  
2 | p | p | p | p |   | p | p | p | 2
  +---+---+---+---+---+---+---+---+  
3 |   |   |   |   |   |   |   |   | 3
  +---+---+---+---+---+---+---+---+  
4 |   |   | b |   | p |   |   |   | 4
  +---+---+---+---+---+---+---+---+  
5 |   |   |   |   | P |   |   |   | 5
  +---+---+---+---+---+---+---+---+  
6 |   |   |   |   |   |   |   |   | 6
  +---+---+---+---+---+---+---+---+  
7 | P | P | P | P |   | P | P | P | 7
  +---+---+---+---+---+---+---+---+  
8 | R | N | B | Q | K | B | N | R | 8
  +---+---+---+---+---+---+---+---+  
    a   b   c   d   e   f   g   h   

Black's Move

move b8 c6

    a   b   c   d   e   f   g   h   
  +---+---+---+---+---+---+---+---+  
1 | r | n | b | q | k |   | n | r | 1
  +---+---+---+---+---+---+---+---+  
2 | p | p | p | p |   | p | p | p | 2
  +---+---+---+---+---+---+---+---+  
3 |   |   |   |   |   |   |   |   | 3
  +---+---+---+---+---+---+---+---+  
4 |   |   | b |   | p |   |   |   | 4
  +---+---+---+---+---+---+---+---+  
5 |   |   |   |   | P |   |   |   | 5
  +---+---+---+---+---+---+---+---+  
6 |   |   | N |   |   |   |   |   | 6
  +---+---+---+---+---+---+---+---+  
7 | P | P | P | P |   | P | P | P | 7
  +---+---+---+---+---+---+---+---+  
8 | R |   | B | Q | K | B | N | R | 8
  +---+---+---+---+---+---+---+---+  
    a   b   c   d   e   f   g   h   

White's Move

move d1 h5

    a   b   c   d   e   f   g   h   
  +---+---+---+---+---+---+---+---+  
1 | r | n | b |   | k |   | n | r | 1
  +---+---+---+---+---+---+---+---+  
2 | p | p | p | p |   | p | p | p | 2
  +---+---+---+---+---+---+---+---+  
3 |   |   |   |   |   |   |   |   | 3
  +---+---+---+---+---+---+---+---+  
4 |   |   | b |   | p |   |   |   | 4
  +---+---+---+---+---+---+---+---+  
5 |   |   |   |   | P |   |   | q | 5
  +---+---+---+---+---+---+---+---+  
6 |   |   | N |   |   |   |   |   | 6
  +---+---+---+---+---+---+---+---+  
7 | P | P | P | P |   | P | P | P | 7
  +---+---+---+---+---+---+---+---+  
8 | R |   | B | Q | K | B | N | R | 8
  +---+---+---+---+---+---+---+---+  
    a   b   c   d   e   f   g   h   

Black's Move

move g8 f6

    a   b   c   d   e   f   g   h   
  +---+---+---+---+---+---+---+---+  
1 | r | n | b |   | k |   | n | r | 1
  +---+---+---+---+---+---+---+---+  
2 | p | p | p | p |   | p | p | p | 2
  +---+---+---+---+---+---+---+---+  
3 |   |   |   |   |   |   |   |   | 3
  +---+---+---+---+---+---+---+---+  
4 |   |   | b |   | p |   |   |   | 4
  +---+---+---+---+---+---+---+---+  
5 |   |   |   |   | P |   |   | q | 5
  +---+---+---+---+---+---+---+---+  
6 |   |   | N |   |   | N |   |   | 6
  +---+---+---+---+---+---+---+---+  
7 | P | P | P | P |   | P | P | P | 7
  +---+---+---+---+---+---+---+---+  
8 | R |   | B | Q | K | B |   | R | 8
  +---+---+---+---+---+---+---+---+  
    a   b   c   d   e   f   g   h   

White's Move

move h5 f7

Checkmate

    a   b   c   d   e   f   g   h   
  +---+---+---+---+---+---+---+---+  
1 | r | n | b |   | k |   | n | r | 1
  +---+---+---+---+---+---+---+---+  
2 | p | p | p | p |   | p | p | p | 2
  +---+---+---+---+---+---+---+---+  
3 |   |   |   |   |   |   |   |   | 3
  +---+---+---+---+---+---+---+---+  
4 |   |   | b |   | p |   |   |   | 4
  +---+---+---+---+---+---+---+---+  
5 |   |   |   |   | P |   |   |   | 5
  +---+---+---+---+---+---+---+---+  
6 |   |   | N |   |   | N |   |   | 6
  +---+---+---+---+---+---+---+---+  
7 | P | P | P | P |   | q | P | P | 7
  +---+---+---+---+---+---+---+---+  
8 | R |   | B | Q | K | B |   | R | 8
  +---+---+---+---+---+---+---+---+  
    a   b   c   d   e   f   g   h   
The game is over.  Congrats to White